2023-01-06 19:23:46,555:INFO:Skaiciu (4, 5, 7, 8, 9, 9) suma lygi: 42
2023-01-06 19:23:46,556:INFO:Skaiciaus 49 saknis lygi 7.0
2023-01-06 19:23:46,556:INFO:Sakinio Labas vakaras ilgis lygus 13 simboliu
2023-01-06 19:23:46,556:INFO:10 padalinta is 5 lygu 2.0
2023-01-06 19:24:26,090:INFO:Skaiciu (4, 5, 7, 8, 9, 9) suma lygi: 42
2023-01-06 19:25:01,293:INFO:Skaiciu (4, 5, 7, 8, 9, 9) suma lygi: 42
2023-01-06 19:25:01,293:INFO:Skaiciaus 49 saknis lygi 7.0
2023-01-06 19:25:01,293:INFO:Sakinio Labas vakaras ilgis lygus 13 simboliu
2023-01-06 19:25:01,293:INFO:10 padalinta is 5 lygu 2.0
2023-01-06 19:25:39,356:INFO:Skaiciu (4, 5, 7, 8, 9, 9) suma lygi: 42
2023-01-06 19:25:39,356:INFO:Skaiciaus 49 saknis lygi 7.0
2023-01-06 19:25:39,357:INFO:Sakinio Labas vakaras ilgis lygus 13 simboliu
2023-01-06 19:25:39,357:INFO:10 padalinta is 5 lygu 2.0
2023-01-06 19:27:04,715:INFO:Skaiciu (4, 5, 7, 8, 9, 9) suma lygi: 42
2023-01-06 19:27:14,061:INFO:Skaiciu (4, 5, 7, 8, 9, 9) suma lygi: 42
2023-01-06 19:27:14,062:INFO:Skaiciaus 49 saknis lygi 7.0
2023-01-06 19:27:14,062:INFO:Sakinio Labas vakaras ilgis lygus 13 simboliu
2023-01-06 19:27:14,062:INFO:10 padalinta is 5 lygu 2.0
2023-01-06 19:29:13,114:INFO:Skaiciu (4, 5, 7, 8, 9, 9) suma lygi: 42
2023-01-06 19:29:21,164:INFO:Skaiciu (4, 5, 7, 8, 9, 9) suma lygi: 42
2023-01-06 19:29:21,164:INFO:Skaiciaus 49 saknis lygi 7.0
2023-01-06 19:29:21,164:INFO:Sakinio Labas vakaras ilgis lygus 13 simboliu
2023-01-06 19:29:21,164:INFO:10 padalinta is 5 lygu 2.0
2023-01-06 19:30:16,341:INFO:Skaiciu (4, 5, 7, 8, 9, 9) suma lygi: 42
2023-01-06 19:30:16,342:INFO:Skaiciaus 49 saknis lygi 7.0
2023-01-06 19:30:16,342:INFO:Sakinio Labas vakaras ilgis lygus 13 simboliu
2023-01-06 19:30:16,342:INFO:10 padalinta is 5 lygu 2.0
2023-01-06 19:31:47,869:INFO:Skaiciu (4, 5, 7, 8, 9, 9) suma lygi: 42
2023-01-06 19:31:47,870:INFO:Skaiciaus 49 saknis lygi 7.0
2023-01-06 19:31:47,870:INFO:Sakinio Labas vakaras ilgis lygus 13 simboliu
2023-01-06 19:31:47,870:INFO:10 padalinta is 5 lygu 2.0
2023-01-06 19:31:58,896:INFO:Skaiciu (4, 5, 7, 8, 9, 9) suma lygi: 42
2023-01-06 19:31:58,896:INFO:Skaiciaus 49 saknis lygi 7.0
2023-01-06 19:31:58,896:INFO:Sakinio Labas vakaras ilgis lygus 13 simboliu
2023-01-06 19:31:58,896:INFO:10 padalinta is 5 lygu 2
2023-01-06 19:32:13,649:INFO:Skaiciu (4, 5, 7, 8, 9, 9) suma lygi: 42
2023-01-06 19:32:13,649:INFO:Skaiciaus 49 saknis lygi 7.0
2023-01-06 19:32:13,649:INFO:Sakinio Labas vakaras ilgis lygus 13 simboliu
2023-01-06 19:32:13,649:INFO:10 padalinta is 5 lygu 2.0
2023-01-06 19:32:20,236:INFO:Skaiciu (4, 5, 7, 8, 9, 9) suma lygi: 42
2023-01-06 19:32:20,236:INFO:Skaiciaus 49 saknis lygi 7.0
2023-01-06 19:32:20,236:INFO:Sakinio Labas vakaras ilgis lygus 13 simboliu
2023-01-06 19:32:20,236:INFO:11 padalinta is 5 lygu 2.2
2023-01-06 19:35:52,031:INFO:Skaiciu (4, 5, 7, 8, 9, 9) suma lygi: 42
2023-01-06 19:35:58,077:INFO:Skaiciu (4, 5, 7, 8, 9, 9) suma lygi: 42
2023-01-06 19:35:58,077:INFO:Skaiciaus 49 saknis lygi 7.0
2023-01-06 19:35:58,077:INFO:Sakinio Labas vakaras ilgis lygus 13 simboliu
2023-01-06 19:35:58,077:INFO:11 padalinta is 5 lygu 2.2
2023-01-06 19:36:05,150:INFO:Skaiciu (4, 5, 7, 8, 9, 9) suma lygi: 42
2023-01-06 19:36:05,151:INFO:Skaiciaus 49 saknis lygi 7.0
2023-01-06 19:36:05,151:INFO:Sakinio Labas vakaras ilgis lygus 13 simboliu
2023-01-06 19:36:05,151:INFO:11 padalinta is 5 lygu 2.2
